01-Oct-2020 15:59:57.115 INFO [main] org.apache.catalina.startup.VersionLoggerListener.log Server version name:   Apache Tomcat/9.0.38
01-Oct-2020 15:59:57.118 INFO [main] org.apache.catalina.startup.VersionLoggerListener.log Server built:          Sep 10 2020 08:20:30 UTC
01-Oct-2020 15:59:57.118 INFO [main] org.apache.catalina.startup.VersionLoggerListener.log Server version number: 9.0.38.0
01-Oct-2020 15:59:57.118 INFO [main] org.apache.catalina.startup.VersionLoggerListener.log OS Name:               Mac OS X
01-Oct-2020 15:59:57.119 INFO [main] org.apache.catalina.startup.VersionLoggerListener.log OS Version:            10.15.4
01-Oct-2020 15:59:57.119 INFO [main] org.apache.catalina.startup.VersionLoggerListener.log Architecture:          x86_64
01-Oct-2020 15:59:57.119 INFO [main] org.apache.catalina.startup.VersionLoggerListener.log Java Home:             /Library/Java/JavaVirtualMachines/jdk-11.0.8.jdk/Contents/Home
01-Oct-2020 15:59:57.119 INFO [main] org.apache.catalina.startup.VersionLoggerListener.log JVM Version:           11.0.8+10-LTS
01-Oct-2020 15:59:57.119 INFO [main] org.apache.catalina.startup.VersionLoggerListener.log JVM Vendor:            Oracle Corporation
01-Oct-2020 15:59:57.119 INFO [main] org.apache.catalina.startup.VersionLoggerListener.log CATALINA_BASE:         /Users/wangbaichao/Desktop/INFO6250/Assignment/Assignment1_BochaoWang_001087950
01-Oct-2020 15:59:57.119 INFO [main] org.apache.catalina.startup.VersionLoggerListener.log CATALINA_HOME:         /Users/wangbaichao/Desktop/INFO6250/Assignment/Assignment1_BochaoWang_001087950
01-Oct-2020 15:59:57.151 INFO [main] org.apache.catalina.startup.VersionLoggerListener.log Command line argument: --add-opens=java.base/java.lang=ALL-UNNAMED
01-Oct-2020 15:59:57.151 INFO [main] org.apache.catalina.startup.VersionLoggerListener.log Command line argument: --add-opens=java.base/java.io=ALL-UNNAMED
01-Oct-2020 15:59:57.151 INFO [main] org.apache.catalina.startup.VersionLoggerListener.log Command line argument: --add-opens=java.rmi/sun.rmi.transport=ALL-UNNAMED
01-Oct-2020 15:59:57.151 INFO [main] org.apache.catalina.startup.VersionLoggerListener.log Command line argument: -Djava.util.logging.config.file=/Users/wangbaichao/Desktop/INFO6250/Assignment/Assignment1_BochaoWang_001087950/conf/logging.properties
01-Oct-2020 15:59:57.151 INFO [main] org.apache.catalina.startup.VersionLoggerListener.log Command line argument: -Djava.util.logging.manager=org.apache.juli.ClassLoaderLogManager
01-Oct-2020 15:59:57.151 INFO [main] org.apache.catalina.startup.VersionLoggerListener.log Command line argument: -Djdk.tls.ephemeralDHKeySize=2048
01-Oct-2020 15:59:57.152 INFO [main] org.apache.catalina.startup.VersionLoggerListener.log Command line argument: -Djava.protocol.handler.pkgs=org.apache.catalina.webresources
01-Oct-2020 15:59:57.152 INFO [main] org.apache.catalina.startup.VersionLoggerListener.log Command line argument: -Dorg.apache.catalina.security.SecurityListener.UMASK=0027
01-Oct-2020 15:59:57.152 INFO [main] org.apache.catalina.startup.VersionLoggerListener.log Command line argument: -Dignore.endorsed.dirs=
01-Oct-2020 15:59:57.152 INFO [main] org.apache.catalina.startup.VersionLoggerListener.log Command line argument: -Dcatalina.base=/Users/wangbaichao/Desktop/INFO6250/Assignment/Assignment1_BochaoWang_001087950
01-Oct-2020 15:59:57.152 INFO [main] org.apache.catalina.startup.VersionLoggerListener.log Command line argument: -Dcatalina.home=/Users/wangbaichao/Desktop/INFO6250/Assignment/Assignment1_BochaoWang_001087950
01-Oct-2020 15:59:57.152 INFO [main] org.apache.catalina.startup.VersionLoggerListener.log Command line argument: -Djava.io.tmpdir=/Users/wangbaichao/Desktop/INFO6250/Assignment/Assignment1_BochaoWang_001087950/temp
01-Oct-2020 15:59:57.154 INFO [main] org.apache.catalina.core.AprLifecycleListener.lifecycleEvent The Apache Tomcat Native library which allows using OpenSSL was not found on the java.library.path: [/Users/wangbaichao/Library/Java/Extensions:/Library/Java/Extensions:/Network/Library/Java/Extensions:/System/Library/Java/Extensions:/usr/lib/java:.]
01-Oct-2020 15:59:57.386 INFO [main] org.apache.coyote.AbstractProtocol.init Initializing ProtocolHandler ["http-nio-8080"]
01-Oct-2020 15:59:57.414 INFO [main] org.apache.catalina.startup.Catalina.load Server initialization in [479] milliseconds
01-Oct-2020 15:59:57.452 INFO [main] org.apache.catalina.core.StandardService.startInternal Starting service [Catalina]
01-Oct-2020 15:59:57.453 INFO [main] org.apache.catalina.core.StandardEngine.startInternal Starting Servlet engine: [Apache Tomcat/9.0.38]
01-Oct-2020 15:59:57.458 INFO [main] org.apache.catalina.startup.HostConfig.deployDirectory Deploying web application directory [/Users/wangbaichao/Desktop/INFO6250/Assignment/Assignment1_BochaoWang_001087950/webapps/assignment1]
01-Oct-2020 15:59:57.687 INFO [main] org.apache.catalina.startup.HostConfig.deployDirectory Deployment of web application directory [/Users/wangbaichao/Desktop/INFO6250/Assignment/Assignment1_BochaoWang_001087950/webapps/assignment1] has finished in [228] ms
01-Oct-2020 15:59:57.688 INFO [main] org.apache.catalina.startup.HostConfig.deployDirectory Deploying web application directory [/Users/wangbaichao/Desktop/INFO6250/Assignment/Assignment1_BochaoWang_001087950/webapps/docs]
01-Oct-2020 15:59:57.703 INFO [main] org.apache.catalina.startup.HostConfig.deployDirectory Deployment of web application directory [/Users/wangbaichao/Desktop/INFO6250/Assignment/Assignment1_BochaoWang_001087950/webapps/docs] has finished in [16] ms
01-Oct-2020 15:59:57.704 INFO [main] org.apache.catalina.startup.HostConfig.deployDirectory Deploying web application directory [/Users/wangbaichao/Desktop/INFO6250/Assignment/Assignment1_BochaoWang_001087950/webapps/manager]
01-Oct-2020 15:59:57.731 INFO [main] org.apache.catalina.startup.HostConfig.deployDirectory Deployment of web application directory [/Users/wangbaichao/Desktop/INFO6250/Assignment/Assignment1_BochaoWang_001087950/webapps/manager] has finished in [27] ms
01-Oct-2020 15:59:57.732 INFO [main] org.apache.catalina.startup.HostConfig.deployDirectory Deploying web application directory [/Users/wangbaichao/Desktop/INFO6250/Assignment/Assignment1_BochaoWang_001087950/webapps/examples]
01-Oct-2020 15:59:57.852 SEVERE [main] org.apache.catalina.startup.HostConfig.deployDirectory Error deploying web application directory [/Users/wangbaichao/Desktop/INFO6250/Assignment/Assignment1_BochaoWang_001087950/webapps/examples]
	java.lang.IllegalStateException: Error starting child
		at org.apache.catalina.core.ContainerBase.addChildInternal(ContainerBase.java:720)
		at org.apache.catalina.core.ContainerBase.addChild(ContainerBase.java:690)
		at org.apache.catalina.core.StandardHost.addChild(StandardHost.java:706)
		at org.apache.catalina.startup.HostConfig.deployDirectory(HostConfig.java:1133)
		at org.apache.catalina.startup.HostConfig$DeployDirectory.run(HostConfig.java:1866)
		at java.base/java.util.concurrent.Executors$RunnableAdapter.call(Executors.java:515)
		at java.base/java.util.concurrent.FutureTask.run(FutureTask.java:264)
		at org.apache.tomcat.util.threads.InlineExecutorService.execute(InlineExecutorService.java:75)
		at java.base/java.util.concurrent.AbstractExecutorService.submit(AbstractExecutorService.java:118)
		at org.apache.catalina.startup.HostConfig.deployDirectories(HostConfig.java:1045)
		at org.apache.catalina.startup.HostConfig.deployApps(HostConfig.java:429)
		at org.apache.catalina.startup.HostConfig.start(HostConfig.java:1576)
		at org.apache.catalina.startup.HostConfig.lifecycleEvent(HostConfig.java:309)
		at org.apache.catalina.util.LifecycleBase.fireLifecycleEvent(LifecycleBase.java:123)
		at org.apache.catalina.util.LifecycleBase.setStateInternal(LifecycleBase.java:423)
		at org.apache.catalina.util.LifecycleBase.setState(LifecycleBase.java:366)
		at org.apache.catalina.core.ContainerBase.startInternal(ContainerBase.java:936)
		at org.apache.catalina.core.StandardHost.startInternal(StandardHost.java:843)
		at org.apache.catalina.util.LifecycleBase.start(LifecycleBase.java:183)
		at org.apache.catalina.core.ContainerBase$StartChild.call(ContainerBase.java:1384)
		at org.apache.catalina.core.ContainerBase$StartChild.call(ContainerBase.java:1374)
		at java.base/java.util.concurrent.FutureTask.run(FutureTask.java:264)
		at org.apache.tomcat.util.threads.InlineExecutorService.execute(InlineExecutorService.java:75)
		at java.base/java.util.concurrent.AbstractExecutorService.submit(AbstractExecutorService.java:140)
		at org.apache.catalina.core.ContainerBase.startInternal(ContainerBase.java:909)
		at org.apache.catalina.core.StandardEngine.startInternal(StandardEngine.java:262)
		at org.apache.catalina.util.LifecycleBase.start(LifecycleBase.java:183)
		at org.apache.catalina.core.StandardService.startInternal(StandardService.java:421)
		at org.apache.catalina.util.LifecycleBase.start(LifecycleBase.java:183)
		at org.apache.catalina.core.StandardServer.startInternal(StandardServer.java:930)
		at org.apache.catalina.util.LifecycleBase.start(LifecycleBase.java:183)
		at org.apache.catalina.startup.Catalina.start(Catalina.java:772)
		at java.base/jdk.internal.reflect.NativeMethodAccessorImpl.invoke0(Native Method)
		at java.base/jdk.internal.reflect.NativeMethodAccessorImpl.invoke(NativeMethodAccessorImpl.java:62)
		at java.base/jdk.internal.reflect.DelegatingMethodAccessorImpl.invoke(DelegatingMethodAccessorImpl.java:43)
		at java.base/java.lang.reflect.Method.invoke(Method.java:566)
		at org.apache.catalina.startup.Bootstrap.start(Bootstrap.java:342)
		at org.apache.catalina.startup.Bootstrap.main(Bootstrap.java:473)
	Caused by: org.apache.catalina.LifecycleException: Failed to start component [StandardEngine[Catalina].StandardHost[localhost].StandardContext[/examples]]
		at org.apache.catalina.util.LifecycleBase.handleSubClassException(LifecycleBase.java:440)
		at org.apache.catalina.util.LifecycleBase.start(LifecycleBase.java:198)
		at org.apache.catalina.core.ContainerBase.addChildInternal(ContainerBase.java:717)
		... 37 more
	Caused by: java.lang.NoClassDefFoundError: websocket/drawboard/Room$Player
		at java.base/java.lang.Class.getDeclaredMethods0(Native Method)
		at java.base/java.lang.Class.privateGetDeclaredMethods(Class.java:3166)
		at java.base/java.lang.Class.getDeclaredMethods(Class.java:2309)
		at org.apache.tomcat.websocket.pojo.PojoMethodMapping.<init>(PojoMethodMapping.java:86)
		at org.apache.tomcat.websocket.server.WsServerContainer.addEndpoint(WsServerContainer.java:154)
		at org.apache.tomcat.websocket.server.WsServerContainer.addEndpoint(WsServerContainer.java:128)
		at org.apache.tomcat.websocket.server.WsSci.onStartup(WsSci.java:122)
		at org.apache.catalina.core.StandardContext.startInternal(StandardContext.java:5128)
		at org.apache.catalina.util.LifecycleBase.start(LifecycleBase.java:183)
		... 38 more
	Caused by: java.lang.ClassNotFoundException: websocket.drawboard.Room$Player
		at org.apache.catalina.loader.WebappClassLoaderBase.loadClass(WebappClassLoaderBase.java:1365)
		at org.apache.catalina.loader.WebappClassLoaderBase.loadClass(WebappClassLoaderBase.java:1188)
		... 47 more
01-Oct-2020 15:59:57.854 INFO [main] org.apache.catalina.startup.HostConfig.deployDirectory Deployment of web application directory [/Users/wangbaichao/Desktop/INFO6250/Assignment/Assignment1_BochaoWang_001087950/webapps/examples] has finished in [123] ms
01-Oct-2020 15:59:57.854 INFO [main] org.apache.catalina.startup.HostConfig.deployDirectory Deploying web application directory [/Users/wangbaichao/Desktop/INFO6250/Assignment/Assignment1_BochaoWang_001087950/webapps/ROOT]
01-Oct-2020 15:59:57.868 INFO [main] org.apache.catalina.startup.HostConfig.deployDirectory Deployment of web application directory [/Users/wangbaichao/Desktop/INFO6250/Assignment/Assignment1_BochaoWang_001087950/webapps/ROOT] has finished in [13] ms
01-Oct-2020 15:59:57.868 INFO [main] org.apache.catalina.startup.HostConfig.deployDirectory Deploying web application directory [/Users/wangbaichao/Desktop/INFO6250/Assignment/Assignment1_BochaoWang_001087950/webapps/host-manager]
01-Oct-2020 15:59:57.885 INFO [main] org.apache.catalina.startup.HostConfig.deployDirectory Deployment of web application directory [/Users/wangbaichao/Desktop/INFO6250/Assignment/Assignment1_BochaoWang_001087950/webapps/host-manager] has finished in [17] ms
01-Oct-2020 15:59:57.889 INFO [main] org.apache.coyote.AbstractProtocol.start Starting ProtocolHandler ["http-nio-8080"]
01-Oct-2020 15:59:57.897 INFO [main] org.apache.catalina.startup.Catalina.start Server startup in [482] milliseconds
01-Oct-2020 16:03:04.248 INFO [main] org.apache.catalina.core.StandardServer.await A valid shutdown command was received via the shutdown port. Stopping the Server instance.
01-Oct-2020 16:03:04.249 INFO [main] org.apache.coyote.AbstractProtocol.pause Pausing ProtocolHandler ["http-nio-8080"]
01-Oct-2020 16:03:05.435 INFO [main] org.apache.catalina.core.StandardService.stopInternal Stopping service [Catalina]
01-Oct-2020 16:03:05.462 INFO [main] org.apache.coyote.AbstractProtocol.stop Stopping ProtocolHandler ["http-nio-8080"]
01-Oct-2020 16:03:15.471 INFO [main] org.apache.coyote.AbstractProtocol.destroy Destroying ProtocolHandler ["http-nio-8080"]
01-Oct-2020 16:37:28.744 INFO [main] org.apache.catalina.startup.VersionLoggerListener.log Server version name:   Apache Tomcat/9.0.38
01-Oct-2020 16:37:28.746 INFO [main] org.apache.catalina.startup.VersionLoggerListener.log Server built:          Sep 10 2020 08:20:30 UTC
01-Oct-2020 16:37:28.747 INFO [main] org.apache.catalina.startup.VersionLoggerListener.log Server version number: 9.0.38.0
01-Oct-2020 16:37:28.747 INFO [main] org.apache.catalina.startup.VersionLoggerListener.log OS Name:               Mac OS X
01-Oct-2020 16:37:28.747 INFO [main] org.apache.catalina.startup.VersionLoggerListener.log OS Version:            10.15.4
01-Oct-2020 16:37:28.747 INFO [main] org.apache.catalina.startup.VersionLoggerListener.log Architecture:          x86_64
01-Oct-2020 16:37:28.747 INFO [main] org.apache.catalina.startup.VersionLoggerListener.log Java Home:             /Library/Java/JavaVirtualMachines/jdk-11.0.8.jdk/Contents/Home
01-Oct-2020 16:37:28.747 INFO [main] org.apache.catalina.startup.VersionLoggerListener.log JVM Version:           11.0.8+10-LTS
01-Oct-2020 16:37:28.747 INFO [main] org.apache.catalina.startup.VersionLoggerListener.log JVM Vendor:            Oracle Corporation
01-Oct-2020 16:37:28.747 INFO [main] org.apache.catalina.startup.VersionLoggerListener.log CATALINA_BASE:         /Users/wangbaichao/Desktop/INFO6250/Assignment/Assignment1_BochaoWang_001087950
01-Oct-2020 16:37:28.748 INFO [main] org.apache.catalina.startup.VersionLoggerListener.log CATALINA_HOME:         /Users/wangbaichao/Desktop/INFO6250/Assignment/Assignment1_BochaoWang_001087950
01-Oct-2020 16:37:28.757 INFO [main] org.apache.catalina.startup.VersionLoggerListener.log Command line argument: --add-opens=java.base/java.lang=ALL-UNNAMED
01-Oct-2020 16:37:28.757 INFO [main] org.apache.catalina.startup.VersionLoggerListener.log Command line argument: --add-opens=java.base/java.io=ALL-UNNAMED
01-Oct-2020 16:37:28.757 INFO [main] org.apache.catalina.startup.VersionLoggerListener.log Command line argument: --add-opens=java.rmi/sun.rmi.transport=ALL-UNNAMED
01-Oct-2020 16:37:28.757 INFO [main] org.apache.catalina.startup.VersionLoggerListener.log Command line argument: -Djava.util.logging.config.file=/Users/wangbaichao/Desktop/INFO6250/Assignment/Assignment1_BochaoWang_001087950/conf/logging.properties
01-Oct-2020 16:37:28.757 INFO [main] org.apache.catalina.startup.VersionLoggerListener.log Command line argument: -Djava.util.logging.manager=org.apache.juli.ClassLoaderLogManager
01-Oct-2020 16:37:28.758 INFO [main] org.apache.catalina.startup.VersionLoggerListener.log Command line argument: -Djdk.tls.ephemeralDHKeySize=2048
01-Oct-2020 16:37:28.758 INFO [main] org.apache.catalina.startup.VersionLoggerListener.log Command line argument: -Djava.protocol.handler.pkgs=org.apache.catalina.webresources
01-Oct-2020 16:37:28.758 INFO [main] org.apache.catalina.startup.VersionLoggerListener.log Command line argument: -Dorg.apache.catalina.security.SecurityListener.UMASK=0027
01-Oct-2020 16:37:28.758 INFO [main] org.apache.catalina.startup.VersionLoggerListener.log Command line argument: -Dignore.endorsed.dirs=
01-Oct-2020 16:37:28.758 INFO [main] org.apache.catalina.startup.VersionLoggerListener.log Command line argument: -Dcatalina.base=/Users/wangbaichao/Desktop/INFO6250/Assignment/Assignment1_BochaoWang_001087950
01-Oct-2020 16:37:28.758 INFO [main] org.apache.catalina.startup.VersionLoggerListener.log Command line argument: -Dcatalina.home=/Users/wangbaichao/Desktop/INFO6250/Assignment/Assignment1_BochaoWang_001087950
01-Oct-2020 16:37:28.758 INFO [main] org.apache.catalina.startup.VersionLoggerListener.log Command line argument: -Djava.io.tmpdir=/Users/wangbaichao/Desktop/INFO6250/Assignment/Assignment1_BochaoWang_001087950/temp
01-Oct-2020 16:37:28.760 INFO [main] org.apache.catalina.core.AprLifecycleListener.lifecycleEvent The Apache Tomcat Native library which allows using OpenSSL was not found on the java.library.path: [/Users/wangbaichao/Library/Java/Extensions:/Library/Java/Extensions:/Network/Library/Java/Extensions:/System/Library/Java/Extensions:/usr/lib/java:.]
01-Oct-2020 16:37:28.975 INFO [main] org.apache.coyote.AbstractProtocol.init Initializing ProtocolHandler ["http-nio-8080"]
01-Oct-2020 16:37:28.998 INFO [main] org.apache.catalina.startup.Catalina.load Server initialization in [401] milliseconds
01-Oct-2020 16:37:29.032 INFO [main] org.apache.catalina.core.StandardService.startInternal Starting service [Catalina]
01-Oct-2020 16:37:29.032 INFO [main] org.apache.catalina.core.StandardEngine.startInternal Starting Servlet engine: [Apache Tomcat/9.0.38]
01-Oct-2020 16:37:29.038 INFO [main] org.apache.catalina.startup.HostConfig.deployDirectory Deploying web application directory [/Users/wangbaichao/Desktop/INFO6250/Assignment/Assignment1_BochaoWang_001087950/webapps/assignment1]
01-Oct-2020 16:37:29.254 INFO [main] org.apache.catalina.startup.HostConfig.deployDirectory Deployment of web application directory [/Users/wangbaichao/Desktop/INFO6250/Assignment/Assignment1_BochaoWang_001087950/webapps/assignment1] has finished in [215] ms
01-Oct-2020 16:37:29.254 INFO [main] org.apache.catalina.startup.HostConfig.deployDirectory Deploying web application directory [/Users/wangbaichao/Desktop/INFO6250/Assignment/Assignment1_BochaoWang_001087950/webapps/docs]
01-Oct-2020 16:37:29.268 INFO [main] org.apache.catalina.startup.HostConfig.deployDirectory Deployment of web application directory [/Users/wangbaichao/Desktop/INFO6250/Assignment/Assignment1_BochaoWang_001087950/webapps/docs] has finished in [14] ms
01-Oct-2020 16:37:29.268 INFO [main] org.apache.catalina.startup.HostConfig.deployDirectory Deploying web application directory [/Users/wangbaichao/Desktop/INFO6250/Assignment/Assignment1_BochaoWang_001087950/webapps/manager]
01-Oct-2020 16:37:29.289 INFO [main] org.apache.catalina.startup.HostConfig.deployDirectory Deployment of web application directory [/Users/wangbaichao/Desktop/INFO6250/Assignment/Assignment1_BochaoWang_001087950/webapps/manager] has finished in [21] ms
01-Oct-2020 16:37:29.289 INFO [main] org.apache.catalina.startup.HostConfig.deployDirectory Deploying web application directory [/Users/wangbaichao/Desktop/INFO6250/Assignment/Assignment1_BochaoWang_001087950/webapps/examples]
01-Oct-2020 16:37:29.376 SEVERE [main] org.apache.catalina.startup.HostConfig.deployDirectory Error deploying web application directory [/Users/wangbaichao/Desktop/INFO6250/Assignment/Assignment1_BochaoWang_001087950/webapps/examples]
	java.lang.IllegalStateException: Error starting child
		at org.apache.catalina.core.ContainerBase.addChildInternal(ContainerBase.java:720)
		at org.apache.catalina.core.ContainerBase.addChild(ContainerBase.java:690)
		at org.apache.catalina.core.StandardHost.addChild(StandardHost.java:706)
		at org.apache.catalina.startup.HostConfig.deployDirectory(HostConfig.java:1133)
		at org.apache.catalina.startup.HostConfig$DeployDirectory.run(HostConfig.java:1866)
		at java.base/java.util.concurrent.Executors$RunnableAdapter.call(Executors.java:515)
		at java.base/java.util.concurrent.FutureTask.run(FutureTask.java:264)
		at org.apache.tomcat.util.threads.InlineExecutorService.execute(InlineExecutorService.java:75)
		at java.base/java.util.concurrent.AbstractExecutorService.submit(AbstractExecutorService.java:118)
		at org.apache.catalina.startup.HostConfig.deployDirectories(HostConfig.java:1045)
		at org.apache.catalina.startup.HostConfig.deployApps(HostConfig.java:429)
		at org.apache.catalina.startup.HostConfig.start(HostConfig.java:1576)
		at org.apache.catalina.startup.HostConfig.lifecycleEvent(HostConfig.java:309)
		at org.apache.catalina.util.LifecycleBase.fireLifecycleEvent(LifecycleBase.java:123)
		at org.apache.catalina.util.LifecycleBase.setStateInternal(LifecycleBase.java:423)
		at org.apache.catalina.util.LifecycleBase.setState(LifecycleBase.java:366)
		at org.apache.catalina.core.ContainerBase.startInternal(ContainerBase.java:936)
		at org.apache.catalina.core.StandardHost.startInternal(StandardHost.java:843)
		at org.apache.catalina.util.LifecycleBase.start(LifecycleBase.java:183)
		at org.apache.catalina.core.ContainerBase$StartChild.call(ContainerBase.java:1384)
		at org.apache.catalina.core.ContainerBase$StartChild.call(ContainerBase.java:1374)
		at java.base/java.util.concurrent.FutureTask.run(FutureTask.java:264)
		at org.apache.tomcat.util.threads.InlineExecutorService.execute(InlineExecutorService.java:75)
		at java.base/java.util.concurrent.AbstractExecutorService.submit(AbstractExecutorService.java:140)
		at org.apache.catalina.core.ContainerBase.startInternal(ContainerBase.java:909)
		at org.apache.catalina.core.StandardEngine.startInternal(StandardEngine.java:262)
		at org.apache.catalina.util.LifecycleBase.start(LifecycleBase.java:183)
		at org.apache.catalina.core.StandardService.startInternal(StandardService.java:421)
		at org.apache.catalina.util.LifecycleBase.start(LifecycleBase.java:183)
		at org.apache.catalina.core.StandardServer.startInternal(StandardServer.java:930)
		at org.apache.catalina.util.LifecycleBase.start(LifecycleBase.java:183)
		at org.apache.catalina.startup.Catalina.start(Catalina.java:772)
		at java.base/jdk.internal.reflect.NativeMethodAccessorImpl.invoke0(Native Method)
		at java.base/jdk.internal.reflect.NativeMethodAccessorImpl.invoke(NativeMethodAccessorImpl.java:62)
		at java.base/jdk.internal.reflect.DelegatingMethodAccessorImpl.invoke(DelegatingMethodAccessorImpl.java:43)
		at java.base/java.lang.reflect.Method.invoke(Method.java:566)
		at org.apache.catalina.startup.Bootstrap.start(Bootstrap.java:342)
		at org.apache.catalina.startup.Bootstrap.main(Bootstrap.java:473)
	Caused by: org.apache.catalina.LifecycleException: Failed to start component [StandardEngine[Catalina].StandardHost[localhost].StandardContext[/examples]]
		at org.apache.catalina.util.LifecycleBase.handleSubClassException(LifecycleBase.java:440)
		at org.apache.catalina.util.LifecycleBase.start(LifecycleBase.java:198)
		at org.apache.catalina.core.ContainerBase.addChildInternal(ContainerBase.java:717)
		... 37 more
	Caused by: java.lang.NoClassDefFoundError: websocket/drawboard/Room$Player
		at java.base/java.lang.Class.getDeclaredMethods0(Native Method)
		at java.base/java.lang.Class.privateGetDeclaredMethods(Class.java:3166)
		at java.base/java.lang.Class.getDeclaredMethods(Class.java:2309)
		at org.apache.tomcat.websocket.pojo.PojoMethodMapping.<init>(PojoMethodMapping.java:86)
		at org.apache.tomcat.websocket.server.WsServerContainer.addEndpoint(WsServerContainer.java:154)
		at org.apache.tomcat.websocket.server.WsServerContainer.addEndpoint(WsServerContainer.java:128)
		at org.apache.tomcat.websocket.server.WsSci.onStartup(WsSci.java:122)
		at org.apache.catalina.core.StandardContext.startInternal(StandardContext.java:5128)
		at org.apache.catalina.util.LifecycleBase.start(LifecycleBase.java:183)
		... 38 more
	Caused by: java.lang.ClassNotFoundException: websocket.drawboard.Room$Player
		at org.apache.catalina.loader.WebappClassLoaderBase.loadClass(WebappClassLoaderBase.java:1365)
		at org.apache.catalina.loader.WebappClassLoaderBase.loadClass(WebappClassLoaderBase.java:1188)
		... 47 more
01-Oct-2020 16:37:29.378 INFO [main] org.apache.catalina.startup.HostConfig.deployDirectory Deployment of web application directory [/Users/wangbaichao/Desktop/INFO6250/Assignment/Assignment1_BochaoWang_001087950/webapps/examples] has finished in [89] ms
01-Oct-2020 16:37:29.378 INFO [main] org.apache.catalina.startup.HostConfig.deployDirectory Deploying web application directory [/Users/wangbaichao/Desktop/INFO6250/Assignment/Assignment1_BochaoWang_001087950/webapps/ROOT]
01-Oct-2020 16:37:29.389 INFO [main] org.apache.catalina.startup.HostConfig.deployDirectory Deployment of web application directory [/Users/wangbaichao/Desktop/INFO6250/Assignment/Assignment1_BochaoWang_001087950/webapps/ROOT] has finished in [11] ms
01-Oct-2020 16:37:29.389 INFO [main] org.apache.catalina.startup.HostConfig.deployDirectory Deploying web application directory [/Users/wangbaichao/Desktop/INFO6250/Assignment/Assignment1_BochaoWang_001087950/webapps/host-manager]
01-Oct-2020 16:37:29.402 INFO [main] org.apache.catalina.startup.HostConfig.deployDirectory Deployment of web application directory [/Users/wangbaichao/Desktop/INFO6250/Assignment/Assignment1_BochaoWang_001087950/webapps/host-manager] has finished in [12] ms
01-Oct-2020 16:37:29.406 INFO [main] org.apache.coyote.AbstractProtocol.start Starting ProtocolHandler ["http-nio-8080"]
01-Oct-2020 16:37:29.411 INFO [main] org.apache.catalina.startup.Catalina.start Server startup in [412] milliseconds
01-Oct-2020 16:41:31.981 INFO [main] org.apache.catalina.core.StandardServer.await A valid shutdown command was received via the shutdown port. Stopping the Server instance.
01-Oct-2020 16:41:31.981 INFO [main] org.apache.coyote.AbstractProtocol.pause Pausing ProtocolHandler ["http-nio-8080"]
01-Oct-2020 16:41:33.162 INFO [main] org.apache.catalina.core.StandardService.stopInternal Stopping service [Catalina]
01-Oct-2020 16:41:33.181 INFO [main] org.apache.coyote.AbstractProtocol.stop Stopping ProtocolHandler ["http-nio-8080"]
01-Oct-2020 16:41:43.187 INFO [main] org.apache.coyote.AbstractProtocol.destroy Destroying ProtocolHandler ["http-nio-8080"]
01-Oct-2020 18:59:49.000 INFO [main] org.apache.catalina.startup.VersionLoggerListener.log Server version name:   Apache Tomcat/9.0.38
01-Oct-2020 18:59:49.004 INFO [main] org.apache.catalina.startup.VersionLoggerListener.log Server built:          Sep 10 2020 08:20:30 UTC
01-Oct-2020 18:59:49.005 INFO [main] org.apache.catalina.startup.VersionLoggerListener.log Server version number: 9.0.38.0
01-Oct-2020 18:59:49.005 INFO [main] org.apache.catalina.startup.VersionLoggerListener.log OS Name:               Mac OS X
01-Oct-2020 18:59:49.005 INFO [main] org.apache.catalina.startup.VersionLoggerListener.log OS Version:            10.15.4
01-Oct-2020 18:59:49.006 INFO [main] org.apache.catalina.startup.VersionLoggerListener.log Architecture:          x86_64
01-Oct-2020 18:59:49.006 INFO [main] org.apache.catalina.startup.VersionLoggerListener.log Java Home:             /Library/Java/JavaVirtualMachines/jdk-11.0.8.jdk/Contents/Home
01-Oct-2020 18:59:49.006 INFO [main] org.apache.catalina.startup.VersionLoggerListener.log JVM Version:           11.0.8+10-LTS
01-Oct-2020 18:59:49.006 INFO [main] org.apache.catalina.startup.VersionLoggerListener.log JVM Vendor:            Oracle Corporation
01-Oct-2020 18:59:49.006 INFO [main] org.apache.catalina.startup.VersionLoggerListener.log CATALINA_BASE:         /Users/wangbaichao/Desktop/INFO6250/Assignment/Assignment1_BochaoWang_001087950
01-Oct-2020 18:59:49.006 INFO [main] org.apache.catalina.startup.VersionLoggerListener.log CATALINA_HOME:         /Users/wangbaichao/Desktop/INFO6250/Assignment/Assignment1_BochaoWang_001087950
01-Oct-2020 18:59:49.019 INFO [main] org.apache.catalina.startup.VersionLoggerListener.log Command line argument: --add-opens=java.base/java.lang=ALL-UNNAMED
01-Oct-2020 18:59:49.020 INFO [main] org.apache.catalina.startup.VersionLoggerListener.log Command line argument: --add-opens=java.base/java.io=ALL-UNNAMED
01-Oct-2020 18:59:49.020 INFO [main] org.apache.catalina.startup.VersionLoggerListener.log Command line argument: --add-opens=java.rmi/sun.rmi.transport=ALL-UNNAMED
01-Oct-2020 18:59:49.020 INFO [main] org.apache.catalina.startup.VersionLoggerListener.log Command line argument: -Djava.util.logging.config.file=/Users/wangbaichao/Desktop/INFO6250/Assignment/Assignment1_BochaoWang_001087950/conf/logging.properties
01-Oct-2020 18:59:49.020 INFO [main] org.apache.catalina.startup.VersionLoggerListener.log Command line argument: -Djava.util.logging.manager=org.apache.juli.ClassLoaderLogManager
01-Oct-2020 18:59:49.020 INFO [main] org.apache.catalina.startup.VersionLoggerListener.log Command line argument: -Djdk.tls.ephemeralDHKeySize=2048
01-Oct-2020 18:59:49.021 INFO [main] org.apache.catalina.startup.VersionLoggerListener.log Command line argument: -Djava.protocol.handler.pkgs=org.apache.catalina.webresources
01-Oct-2020 18:59:49.021 INFO [main] org.apache.catalina.startup.VersionLoggerListener.log Command line argument: -Dorg.apache.catalina.security.SecurityListener.UMASK=0027
01-Oct-2020 18:59:49.021 INFO [main] org.apache.catalina.startup.VersionLoggerListener.log Command line argument: -Dignore.endorsed.dirs=
01-Oct-2020 18:59:49.021 INFO [main] org.apache.catalina.startup.VersionLoggerListener.log Command line argument: -Dcatalina.base=/Users/wangbaichao/Desktop/INFO6250/Assignment/Assignment1_BochaoWang_001087950
01-Oct-2020 18:59:49.021 INFO [main] org.apache.catalina.startup.VersionLoggerListener.log Command line argument: -Dcatalina.home=/Users/wangbaichao/Desktop/INFO6250/Assignment/Assignment1_BochaoWang_001087950
01-Oct-2020 18:59:49.021 INFO [main] org.apache.catalina.startup.VersionLoggerListener.log Command line argument: -Djava.io.tmpdir=/Users/wangbaichao/Desktop/INFO6250/Assignment/Assignment1_BochaoWang_001087950/temp
01-Oct-2020 18:59:49.023 INFO [main] org.apache.catalina.core.AprLifecycleListener.lifecycleEvent The Apache Tomcat Native library which allows using OpenSSL was not found on the java.library.path: [/Users/wangbaichao/Library/Java/Extensions:/Library/Java/Extensions:/Network/Library/Java/Extensions:/System/Library/Java/Extensions:/usr/lib/java:.]
01-Oct-2020 18:59:49.404 INFO [main] org.apache.coyote.AbstractProtocol.init Initializing ProtocolHandler ["http-nio-8080"]
01-Oct-2020 18:59:49.445 INFO [main] org.apache.catalina.startup.Catalina.load Server initialization in [640] milliseconds
01-Oct-2020 18:59:49.509 INFO [main] org.apache.catalina.core.StandardService.startInternal Starting service [Catalina]
01-Oct-2020 18:59:49.509 INFO [main] org.apache.catalina.core.StandardEngine.startInternal Starting Servlet engine: [Apache Tomcat/9.0.38]
01-Oct-2020 18:59:49.516 INFO [main] org.apache.catalina.startup.HostConfig.deployDirectory Deploying web application directory [/Users/wangbaichao/Desktop/INFO6250/Assignment/Assignment1_BochaoWang_001087950/webapps/assignment1]
01-Oct-2020 18:59:49.798 INFO [main] org.apache.catalina.startup.HostConfig.deployDirectory Deployment of web application directory [/Users/wangbaichao/Desktop/INFO6250/Assignment/Assignment1_BochaoWang_001087950/webapps/assignment1] has finished in [282] ms
01-Oct-2020 18:59:49.799 INFO [main] org.apache.catalina.startup.HostConfig.deployDirectory Deploying web application directory [/Users/wangbaichao/Desktop/INFO6250/Assignment/Assignment1_BochaoWang_001087950/webapps/docs]
01-Oct-2020 18:59:49.816 INFO [main] org.apache.catalina.startup.HostConfig.deployDirectory Deployment of web application directory [/Users/wangbaichao/Desktop/INFO6250/Assignment/Assignment1_BochaoWang_001087950/webapps/docs] has finished in [18] ms
01-Oct-2020 18:59:49.817 INFO [main] org.apache.catalina.startup.HostConfig.deployDirectory Deploying web application directory [/Users/wangbaichao/Desktop/INFO6250/Assignment/Assignment1_BochaoWang_001087950/webapps/manager]
01-Oct-2020 18:59:49.848 INFO [main] org.apache.catalina.startup.HostConfig.deployDirectory Deployment of web application directory [/Users/wangbaichao/Desktop/INFO6250/Assignment/Assignment1_BochaoWang_001087950/webapps/manager] has finished in [31] ms
01-Oct-2020 18:59:49.849 INFO [main] org.apache.catalina.startup.HostConfig.deployDirectory Deploying web application directory [/Users/wangbaichao/Desktop/INFO6250/Assignment/Assignment1_BochaoWang_001087950/webapps/examples]
01-Oct-2020 18:59:49.996 SEVERE [main] org.apache.catalina.startup.HostConfig.deployDirectory Error deploying web application directory [/Users/wangbaichao/Desktop/INFO6250/Assignment/Assignment1_BochaoWang_001087950/webapps/examples]
	java.lang.IllegalStateException: Error starting child
		at org.apache.catalina.core.ContainerBase.addChildInternal(ContainerBase.java:720)
		at org.apache.catalina.core.ContainerBase.addChild(ContainerBase.java:690)
		at org.apache.catalina.core.StandardHost.addChild(StandardHost.java:706)
		at org.apache.catalina.startup.HostConfig.deployDirectory(HostConfig.java:1133)
		at org.apache.catalina.startup.HostConfig$DeployDirectory.run(HostConfig.java:1866)
		at java.base/java.util.concurrent.Executors$RunnableAdapter.call(Executors.java:515)
		at java.base/java.util.concurrent.FutureTask.run(FutureTask.java:264)
		at org.apache.tomcat.util.threads.InlineExecutorService.execute(InlineExecutorService.java:75)
		at java.base/java.util.concurrent.AbstractExecutorService.submit(AbstractExecutorService.java:118)
		at org.apache.catalina.startup.HostConfig.deployDirectories(HostConfig.java:1045)
		at org.apache.catalina.startup.HostConfig.deployApps(HostConfig.java:429)
		at org.apache.catalina.startup.HostConfig.start(HostConfig.java:1576)
		at org.apache.catalina.startup.HostConfig.lifecycleEvent(HostConfig.java:309)
		at org.apache.catalina.util.LifecycleBase.fireLifecycleEvent(LifecycleBase.java:123)
		at org.apache.catalina.util.LifecycleBase.setStateInternal(LifecycleBase.java:423)
		at org.apache.catalina.util.LifecycleBase.setState(LifecycleBase.java:366)
		at org.apache.catalina.core.ContainerBase.startInternal(ContainerBase.java:936)
		at org.apache.catalina.core.StandardHost.startInternal(StandardHost.java:843)
		at org.apache.catalina.util.LifecycleBase.start(LifecycleBase.java:183)
		at org.apache.catalina.core.ContainerBase$StartChild.call(ContainerBase.java:1384)
		at org.apache.catalina.core.ContainerBase$StartChild.call(ContainerBase.java:1374)
		at java.base/java.util.concurrent.FutureTask.run(FutureTask.java:264)
		at org.apache.tomcat.util.threads.InlineExecutorService.execute(InlineExecutorService.java:75)
		at java.base/java.util.concurrent.AbstractExecutorService.submit(AbstractExecutorService.java:140)
		at org.apache.catalina.core.ContainerBase.startInternal(ContainerBase.java:909)
		at org.apache.catalina.core.StandardEngine.startInternal(StandardEngine.java:262)
		at org.apache.catalina.util.LifecycleBase.start(LifecycleBase.java:183)
		at org.apache.catalina.core.StandardService.startInternal(StandardService.java:421)
		at org.apache.catalina.util.LifecycleBase.start(LifecycleBase.java:183)
		at org.apache.catalina.core.StandardServer.startInternal(StandardServer.java:930)
		at org.apache.catalina.util.LifecycleBase.start(LifecycleBase.java:183)
		at org.apache.catalina.startup.Catalina.start(Catalina.java:772)
		at java.base/jdk.internal.reflect.NativeMethodAccessorImpl.invoke0(Native Method)
		at java.base/jdk.internal.reflect.NativeMethodAccessorImpl.invoke(NativeMethodAccessorImpl.java:62)
		at java.base/jdk.internal.reflect.DelegatingMethodAccessorImpl.invoke(DelegatingMethodAccessorImpl.java:43)
		at java.base/java.lang.reflect.Method.invoke(Method.java:566)
		at org.apache.catalina.startup.Bootstrap.start(Bootstrap.java:342)
		at org.apache.catalina.startup.Bootstrap.main(Bootstrap.java:473)
	Caused by: org.apache.catalina.LifecycleException: Failed to start component [StandardEngine[Catalina].StandardHost[localhost].StandardContext[/examples]]
		at org.apache.catalina.util.LifecycleBase.handleSubClassException(LifecycleBase.java:440)
		at org.apache.catalina.util.LifecycleBase.start(LifecycleBase.java:198)
		at org.apache.catalina.core.ContainerBase.addChildInternal(ContainerBase.java:717)
		... 37 more
	Caused by: java.lang.NoClassDefFoundError: websocket/drawboard/Room$Player
		at java.base/java.lang.Class.getDeclaredMethods0(Native Method)
		at java.base/java.lang.Class.privateGetDeclaredMethods(Class.java:3166)
		at java.base/java.lang.Class.getDeclaredMethods(Class.java:2309)
		at org.apache.tomcat.websocket.pojo.PojoMethodMapping.<init>(PojoMethodMapping.java:86)
		at org.apache.tomcat.websocket.server.WsServerContainer.addEndpoint(WsServerContainer.java:154)
		at org.apache.tomcat.websocket.server.WsServerContainer.addEndpoint(WsServerContainer.java:128)
		at org.apache.tomcat.websocket.server.WsSci.onStartup(WsSci.java:122)
		at org.apache.catalina.core.StandardContext.startInternal(StandardContext.java:5128)
		at org.apache.catalina.util.LifecycleBase.start(LifecycleBase.java:183)
		... 38 more
	Caused by: java.lang.ClassNotFoundException: websocket.drawboard.Room$Player
		at org.apache.catalina.loader.WebappClassLoaderBase.loadClass(WebappClassLoaderBase.java:1365)
		at org.apache.catalina.loader.WebappClassLoaderBase.loadClass(WebappClassLoaderBase.java:1188)
		... 47 more
01-Oct-2020 18:59:50.000 INFO [main] org.apache.catalina.startup.HostConfig.deployDirectory Deployment of web application directory [/Users/wangbaichao/Desktop/INFO6250/Assignment/Assignment1_BochaoWang_001087950/webapps/examples] has finished in [151] ms
01-Oct-2020 18:59:50.001 INFO [main] org.apache.catalina.startup.HostConfig.deployDirectory Deploying web application directory [/Users/wangbaichao/Desktop/INFO6250/Assignment/Assignment1_BochaoWang_001087950/webapps/ROOT]
01-Oct-2020 18:59:50.029 INFO [main] org.apache.catalina.startup.HostConfig.deployDirectory Deployment of web application directory [/Users/wangbaichao/Desktop/INFO6250/Assignment/Assignment1_BochaoWang_001087950/webapps/ROOT] has finished in [28] ms
01-Oct-2020 18:59:50.030 INFO [main] org.apache.catalina.startup.HostConfig.deployDirectory Deploying web application directory [/Users/wangbaichao/Desktop/INFO6250/Assignment/Assignment1_BochaoWang_001087950/webapps/host-manager]
01-Oct-2020 18:59:50.062 INFO [main] org.apache.catalina.startup.HostConfig.deployDirectory Deployment of web application directory [/Users/wangbaichao/Desktop/INFO6250/Assignment/Assignment1_BochaoWang_001087950/webapps/host-manager] has finished in [31] ms
01-Oct-2020 18:59:50.070 INFO [main] org.apache.coyote.AbstractProtocol.start Starting ProtocolHandler ["http-nio-8080"]
01-Oct-2020 18:59:50.082 INFO [main] org.apache.catalina.startup.Catalina.start Server startup in [636] milliseconds
