19-Sep-2020 15:53:55.768 INFO [main] org.apache.catalina.core.ApplicationContext.log ContextListener: contextInitialized()
19-Sep-2020 15:53:55.768 INFO [main] org.apache.catalina.core.ApplicationContext.log SessionListener: contextInitialized()
19-Sep-2020 15:53:55.769 INFO [main] org.apache.catalina.core.ApplicationContext.log ContextListener: attributeAdded('StockTicker', 'async.Stockticker@5f577419')
19-Sep-2020 15:56:14.551 INFO [main] org.apache.catalina.core.ApplicationContext.log ContextListener: contextInitialized()
19-Sep-2020 15:56:14.551 INFO [main] org.apache.catalina.core.ApplicationContext.log SessionListener: contextInitialized()
19-Sep-2020 15:56:14.552 INFO [main] org.apache.catalina.core.ApplicationContext.log ContextListener: attributeAdded('StockTicker', 'async.Stockticker@7bd69e82')
19-Sep-2020 15:56:14.599 INFO [main] org.apache.catalina.core.ApplicationContext.log SessionListener: contextDestroyed()
19-Sep-2020 15:56:14.599 INFO [main] org.apache.catalina.core.ApplicationContext.log ContextListener: contextDestroyed()
19-Sep-2020 16:02:22.708 INFO [main] org.apache.catalina.core.ApplicationContext.log SessionListener: contextDestroyed()
19-Sep-2020 16:02:22.708 INFO [main] org.apache.catalina.core.ApplicationContext.log ContextListener: contextDestroyed()
19-Sep-2020 16:11:13.938 INFO [main] org.apache.catalina.core.ApplicationContext.log ContextListener: contextInitialized()
19-Sep-2020 16:11:13.938 INFO [main] org.apache.catalina.core.ApplicationContext.log SessionListener: contextInitialized()
19-Sep-2020 16:11:13.939 INFO [main] org.apache.catalina.core.ApplicationContext.log ContextListener: attributeAdded('StockTicker', 'async.Stockticker@3f3c966c')
19-Sep-2020 16:16:27.269 INFO [main] org.apache.catalina.core.ApplicationContext.log SessionListener: contextDestroyed()
19-Sep-2020 16:16:27.269 INFO [main] org.apache.catalina.core.ApplicationContext.log ContextListener: contextDestroyed()
19-Sep-2020 16:16:54.519 INFO [main] org.apache.catalina.core.ApplicationContext.log ContextListener: contextInitialized()
19-Sep-2020 16:16:54.519 INFO [main] org.apache.catalina.core.ApplicationContext.log SessionListener: contextInitialized()
19-Sep-2020 16:16:54.520 INFO [main] org.apache.catalina.core.ApplicationContext.log ContextListener: attributeAdded('StockTicker', 'async.Stockticker@530a8454')
19-Sep-2020 16:18:31.594 INFO [main] org.apache.catalina.core.ApplicationContext.log SessionListener: contextDestroyed()
19-Sep-2020 16:18:31.594 INFO [main] org.apache.catalina.core.ApplicationContext.log ContextListener: contextDestroyed()
19-Sep-2020 16:18:38.713 INFO [main] org.apache.catalina.core.ApplicationContext.log ContextListener: contextInitialized()
19-Sep-2020 16:18:38.713 INFO [main] org.apache.catalina.core.ApplicationContext.log SessionListener: contextInitialized()
19-Sep-2020 16:18:38.714 INFO [main] org.apache.catalina.core.ApplicationContext.log ContextListener: attributeAdded('StockTicker', 'async.Stockticker@622ef26a')
19-Sep-2020 16:18:54.782 INFO [main] org.apache.catalina.core.ApplicationContext.log SessionListener: contextDestroyed()
19-Sep-2020 16:18:54.782 INFO [main] org.apache.catalina.core.ApplicationContext.log ContextListener: contextDestroyed()
19-Sep-2020 16:19:06.354 INFO [main] org.apache.catalina.core.ApplicationContext.log ContextListener: contextInitialized()
19-Sep-2020 16:19:06.354 INFO [main] org.apache.catalina.core.ApplicationContext.log SessionListener: contextInitialized()
19-Sep-2020 16:19:06.355 INFO [main] org.apache.catalina.core.ApplicationContext.log ContextListener: attributeAdded('StockTicker', 'async.Stockticker@1556f2dd')
19-Sep-2020 16:21:57.949 INFO [main] org.apache.catalina.core.ApplicationContext.log SessionListener: contextDestroyed()
19-Sep-2020 16:21:57.949 INFO [main] org.apache.catalina.core.ApplicationContext.log ContextListener: contextDestroyed()
19-Sep-2020 16:31:30.737 INFO [main] org.apache.catalina.core.ApplicationContext.log ContextListener: contextInitialized()
19-Sep-2020 16:31:30.737 INFO [main] org.apache.catalina.core.ApplicationContext.log SessionListener: contextInitialized()
19-Sep-2020 16:31:30.738 INFO [main] org.apache.catalina.core.ApplicationContext.log ContextListener: attributeAdded('StockTicker', 'async.Stockticker@6e5bfdfc')
19-Sep-2020 16:32:56.432 INFO [main] org.apache.catalina.core.ApplicationContext.log SessionListener: contextDestroyed()
19-Sep-2020 16:32:56.432 INFO [main] org.apache.catalina.core.ApplicationContext.log ContextListener: contextDestroyed()
19-Sep-2020 16:33:44.061 INFO [main] org.apache.catalina.core.ApplicationContext.log ContextListener: contextInitialized()
19-Sep-2020 16:33:44.061 INFO [main] org.apache.catalina.core.ApplicationContext.log SessionListener: contextInitialized()
19-Sep-2020 16:33:44.062 INFO [main] org.apache.catalina.core.ApplicationContext.log ContextListener: attributeAdded('StockTicker', 'async.Stockticker@1556f2dd')
19-Sep-2020 16:47:04.647 INFO [main] org.apache.catalina.core.ApplicationContext.log ContextListener: contextInitialized()
19-Sep-2020 16:47:04.647 INFO [main] org.apache.catalina.core.ApplicationContext.log SessionListener: contextInitialized()
19-Sep-2020 16:47:04.647 INFO [main] org.apache.catalina.core.ApplicationContext.log ContextListener: attributeAdded('StockTicker', 'async.Stockticker@3f3c966c')
19-Sep-2020 16:47:04.687 INFO [main] org.apache.catalina.core.ApplicationContext.log SessionListener: contextDestroyed()
19-Sep-2020 16:47:04.688 INFO [main] org.apache.catalina.core.ApplicationContext.log ContextListener: contextDestroyed()
19-Sep-2020 16:47:41.671 INFO [main] org.apache.catalina.core.ApplicationContext.log SessionListener: contextDestroyed()
19-Sep-2020 16:47:41.671 INFO [main] org.apache.catalina.core.ApplicationContext.log ContextListener: contextDestroyed()
19-Sep-2020 16:48:37.525 INFO [main] org.apache.catalina.core.ApplicationContext.log ContextListener: contextInitialized()
19-Sep-2020 16:48:37.525 INFO [main] org.apache.catalina.core.ApplicationContext.log SessionListener: contextInitialized()
19-Sep-2020 16:48:37.526 INFO [main] org.apache.catalina.core.ApplicationContext.log ContextListener: attributeAdded('StockTicker', 'async.Stockticker@36b6964d')
19-Sep-2020 16:49:13.555 INFO [main] org.apache.catalina.core.ApplicationContext.log SessionListener: contextDestroyed()
19-Sep-2020 16:49:13.555 INFO [main] org.apache.catalina.core.ApplicationContext.log ContextListener: contextDestroyed()
19-Sep-2020 16:52:25.168 INFO [main] org.apache.catalina.core.ApplicationContext.log ContextListener: contextInitialized()
19-Sep-2020 16:52:25.168 INFO [main] org.apache.catalina.core.ApplicationContext.log SessionListener: contextInitialized()
19-Sep-2020 16:52:25.169 INFO [main] org.apache.catalina.core.ApplicationContext.log ContextListener: attributeAdded('StockTicker', 'async.Stockticker@6b5f8707')
19-Sep-2020 16:53:27.424 INFO [main] org.apache.catalina.core.ApplicationContext.log SessionListener: contextDestroyed()
19-Sep-2020 16:53:27.424 INFO [main] org.apache.catalina.core.ApplicationContext.log ContextListener: contextDestroyed()
19-Sep-2020 16:53:32.006 INFO [main] org.apache.catalina.core.ApplicationContext.log ContextListener: contextInitialized()
19-Sep-2020 16:53:32.006 INFO [main] org.apache.catalina.core.ApplicationContext.log SessionListener: contextInitialized()
19-Sep-2020 16:53:32.007 INFO [main] org.apache.catalina.core.ApplicationContext.log ContextListener: attributeAdded('StockTicker', 'async.Stockticker@3d526ad9')
19-Sep-2020 16:53:43.824 INFO [main] org.apache.catalina.core.ApplicationContext.log SessionListener: contextDestroyed()
19-Sep-2020 16:53:43.824 INFO [main] org.apache.catalina.core.ApplicationContext.log ContextListener: contextDestroyed()
19-Sep-2020 16:53:52.232 INFO [main] org.apache.catalina.core.ApplicationContext.log ContextListener: contextInitialized()
19-Sep-2020 16:53:52.232 INFO [main] org.apache.catalina.core.ApplicationContext.log SessionListener: contextInitialized()
19-Sep-2020 16:53:52.234 INFO [main] org.apache.catalina.core.ApplicationContext.log ContextListener: attributeAdded('StockTicker', 'async.Stockticker@6b5f8707')
19-Sep-2020 16:54:45.993 INFO [main] org.apache.catalina.core.ApplicationContext.log SessionListener: contextDestroyed()
19-Sep-2020 16:54:45.993 INFO [main] org.apache.catalina.core.ApplicationContext.log ContextListener: contextDestroyed()
19-Sep-2020 16:59:18.774 INFO [main] org.apache.catalina.core.ApplicationContext.log ContextListener: contextInitialized()
19-Sep-2020 16:59:18.775 INFO [main] org.apache.catalina.core.ApplicationContext.log SessionListener: contextInitialized()
19-Sep-2020 16:59:18.775 INFO [main] org.apache.catalina.core.ApplicationContext.log ContextListener: attributeAdded('StockTicker', 'async.Stockticker@62577d6')
19-Sep-2020 17:00:32.541 INFO [main] org.apache.catalina.core.ApplicationContext.log SessionListener: contextDestroyed()
19-Sep-2020 17:00:32.541 INFO [main] org.apache.catalina.core.ApplicationContext.log ContextListener: contextDestroyed()
